<?xml version="1.0" encoding="UTF-8"?>
<testsuite xmlns:xsi="http://www.w3.org/2001/XMLSchema-instance" xsi:noNamespaceSchemaLocation="https://maven.apache.org/surefire/maven-surefire-plugin/xsd/surefire-test-report.xsd" name="TestSuite" time="17.492" tests="4" errors="0" skipped="0" failures="3">
  <properties>
[...]
</properties>
  <testcase name="CheckMarketCap" classname="testcase.CheckMarketCapValue" time="0.087">
    <failure message="Total Market Cap below 1T expected [true] but found [false]" type="java.lang.AssertionError">java.lang.AssertionError: Total Market Cap below 1T expected [true] but found [false]
	at testcase.CheckMarketCapValue.CheckMarketCap(CheckMarketCapValue.java:39)
</failure>
    <system-out><![CDATA[[TestNGContentHandler] [WARN] It is strongly recommended to add "<!DOCTYPE suite SYSTEM "https://testng.org/testng-1.0.dtd" >" at the top of the suite file [C:\Users\Paweł\IdeaProjects\SampleTesting\src\test\java\testcase\TestNG.xml] otherwise TestNG may fail or not work as expected.
string 1.001.992.545.170
test 1
Value of Market Cap: 1.0
]]></system-out>
    <system-err><![CDATA[SLF4J: Failed to load class "org.slf4j.impl.StaticLoggerBinder".
SLF4J: Defaulting to no-operation (NOP) logger implementation
SLF4J: See http://www.slf4j.org/codes.html#StaticLoggerBinder for further details.
Starting ChromeDriver 109.0.5414.74 (e7c5703604daa9cc128ccf5a5d3e993513758913-refs/branch-heads/5414@{#1172}) on port 61273
Only local connections are allowed.
Please see https://chromedriver.chromium.org/security-considerations for suggestions on keeping ChromeDriver safe.
ChromeDriver was started successfully.
lut 14, 2023 12:22:14 AM org.openqa.selenium.remote.ProtocolHandshake createSession
INFO: Detected dialect: W3C
lut 14, 2023 12:22:14 AM org.openqa.selenium.devtools.CdpVersionFinder findNearestMatch
WARNING: Unable to find an exact match for CDP version 109, so returning the closest version found: a no-op implementation
lut 14, 2023 12:22:14 AM org.openqa.selenium.devtools.CdpVersionFinder findNearestMatch
INFO: Unable to find CDP implementation matching 109.
lut 14, 2023 12:22:14 AM org.openqa.selenium.chromium.ChromiumDriver lambda$new$3
WARNING: Unable to find version of CDP to use for . You may need to include a dependency on a specific version of the CDP using something similar to `org.seleniumhq.selenium:selenium-devtools-v86:4.0.0` where the version ("v86") matches the version of the chromium-based browser you're using and the version number of the artifact is the same as Selenium's.
]]></system-err>
  </testcase>
  <testcase name="ListTop10" classname="testcase.CheckTop10" time="2.561"/>
  <testcase name="SumOfTop10" classname="testcase.TotalCapOf10" time="1.444">
    <failure message="Top10 Market Cap Not over 1T expected [true] but found [false]" type="java.lang.AssertionError">java.lang.AssertionError: Top10 Market Cap Not over 1T expected [true] but found [false]
	at testcase.TotalCapOf10.SumOfTop10(TotalCapOf10.java:48)
</failure>
    <system-out><![CDATA[bla 419589853441
Rank 1: 4.19589853441E11
bla 183125834449
Rank 2: 1.83125834449E11
bla 68472514447
Rank 3: 6.8472514447E10
bla 45997150436
Rank 4: 4.5997150436E10
bla 40961118450
Rank 5: 4.096111845E10
bla 18918484161
Rank 6: 1.8918484161E10
bla 15869102358
Rank 7: 1.5869102358E10
bla 12425069183
Rank 8: 1.2425069183E10
bla 10871785493
Rank 9: 1.0871785493E10
bla 10287643353
Rank 10: 1.0287643353E10
bla 419589853441
Rank 1: 4.19589853441E11
bla 183370819588
Rank 2: 1.83370819588E11
bla 68472514447
Rank 3: 6.8472514447E10
bla 45997150436
Rank 4: 4.5997150436E10
bla 40961118450
Rank 5: 4.096111845E10
bla 18918484161
Rank 6: 1.8918484161E10
bla 15869102358
Rank 7: 1.5869102358E10
bla 12425069183
Rank 8: 1.2425069183E10
bla 10871785493
Rank 9: 1.0871785493E10
bla 10287643353
Rank 10: 1.0287643353E10
list size: 10
Total sum of TOP10: 8.2676354091E11
]]></system-out>
  </testcase>
  <testcase name="SumOfTop10Ratio" classname="testcase.TotalCapOf10" time="1.839">
    <failure message="Top10 Market Cap is bigger than 80% of Total Market Cap expected [true] but found [false]" type="java.lang.AssertionError">java.lang.AssertionError: Top10 Market Cap is bigger than 80% of Total Market Cap expected [true] but found [false]
	at testcase.TotalCapOf10.SumOfTop10Ratio(TotalCapOf10.java:59)
</failure>
    <system-out><![CDATA[string 1.001.992.545.170
test 1
bla 419589853441
Rank 1: 4.19589853441E11
bla 183370819588
Rank 2: 1.83370819588E11
bla 68472514447
Rank 3: 6.8472514447E10
bla 45997150436
Rank 4: 4.5997150436E10
bla 40961118450
Rank 5: 4.096111845E10
bla 18918484161
Rank 6: 1.8918484161E10
bla 15869102358
Rank 7: 1.5869102358E10
bla 12425069183
Rank 8: 1.2425069183E10
bla 10871785493
Rank 9: 1.0871785493E10
bla 10287643353
Rank 10: 1.0287643353E10
bla 419589853441
Rank 1: 4.19589853441E11
bla 183370819588
Rank 2: 1.83370819588E11
bla 68472514447
Rank 3: 6.8472514447E10
bla 45997150436
Rank 4: 4.5997150436E10
bla 40961118450
Rank 5: 4.096111845E10
bla 18918484161
Rank 6: 1.8918484161E10
bla 15869102358
Rank 7: 1.5869102358E10
bla 12425069183
Rank 8: 1.2425069183E10
bla 10871785493
Rank 9: 1.0871785493E10
bla 10287643353
Rank 10: 1.0287643353E10
list size: 10
Ratio:8.2676354091E11
]]></system-out>
  </testcase>
</testsuite>