-------------------------------------------------------------------------------
Test set: TestSuite
-------------------------------------------------------------------------------
Tests run: 1, Failures: 1, Errors: 0, Skipped: 0, Time elapsed: 10.227 s <<< FAILURE! - in TestSuite
CheckMarketCap(testcase.CheckMarketCapValue)  Time elapsed: 0.085 s  <<< FAILURE!
java.lang.AssertionError: Total Market Cap below 1T expected [true] but found [false]
	at testcase.CheckMarketCapValue.CheckMarketCap(CheckMarketCapValue.java:39)

