<?xml version="1.0" encoding="UTF-8"?>
<!-- Generated by org.testng.reporters.JUnitXMLReporter -->
<testsuite ignored="4" hostname="Lenovo-PC" failures="3" tests="4" name="Regression" time="16.222" errors="0" timestamp="2023-02-14T00:22:24 CET">
  <testcase classname="testcase.CheckMarketCapValue" name="CheckMarketCap" time="0.072">
    <failure type="java.lang.AssertionError" message="Total Market Cap below 1T expected [true] but found [false]">
      <![CDATA[java.lang.AssertionError: Total Market Cap below 1T expected [true] but found [false]
at testcase.CheckMarketCapValue.CheckMarketCap(CheckMarketCapValue.java:39)
at java.base/java.util.ArrayList.forEach(ArrayList.java:1541)
... Removed 34 stack frames]]>
    </failure>
  </testcase> <!-- CheckMarketCap -->
  <testcase classname="testcase.CheckTop10" name="ListTop10" time="2.572"/>
  <testcase classname="testcase.TotalCapOf10" name="SumOfTop10" time="1.425">
    <failure type="java.lang.AssertionError" message="Top10 Market Cap Not over 1T expected [true] but found [false]">
      <![CDATA[java.lang.AssertionError: Top10 Market Cap Not over 1T expected [true] but found [false]
at testcase.TotalCapOf10.SumOfTop10(TotalCapOf10.java:48)
at java.base/java.util.ArrayList.forEach(ArrayList.java:1541)
... Removed 34 stack frames]]>
    </failure>
  </testcase> <!-- SumOfTop10 -->
  <testcase classname="testcase.TotalCapOf10" name="SumOfTop10Ratio" time="1.85">
    <failure type="java.lang.AssertionError" message="Top10 Market Cap is bigger than 80% of Total Market Cap expected [true] but found [false]">
      <![CDATA[java.lang.AssertionError: Top10 Market Cap is bigger than 80% of Total Market Cap expected [true] but found [false]
at testcase.TotalCapOf10.SumOfTop10Ratio(TotalCapOf10.java:59)
at java.base/java.util.ArrayList.forEach(ArrayList.java:1541)
... Removed 34 stack frames]]>
    </failure>
  </testcase> <!-- SumOfTop10Ratio -->
  <testcase classname="base.BaseTest" name="@BeforeTest setUp" time="0.0">
    <ignored/>
  </testcase> <!-- @BeforeTest setUp -->
  <testcase classname="base.BaseTest" name="@BeforeTest setUp" time="0.0">
    <ignored/>
  </testcase> <!-- @BeforeTest setUp -->
  <testcase classname="base.BaseTest" name="@AfterTest closeDown" time="0.0">
    <ignored/>
  </testcase> <!-- @AfterTest closeDown -->
  <testcase classname="base.BaseTest" name="@AfterTest closeDown" time="0.0">
    <ignored/>
  </testcase> <!-- @AfterTest closeDown -->
</testsuite> <!-- Regression -->
